#
# There is insufficient memory for the Java Runtime Environment to continue.
# Native memory allocation (malloc) failed to allocate 262160 bytes. Error detail: Chunk::new
# Possible reasons:
#   The system is out of physical RAM or swap space
#   This process is running with CompressedOops enabled, and the Java Heap may be blocking the growth of the native heap
# Possible solutions:
#   Reduce memory load on the system
#   Increase physical memory or swap space
#   Check if swap backing store is full
#   Decrease Java heap size (-Xmx/-Xms)
#   Decrease number of Java threads
#   Decrease Java thread stack sizes (-Xss)
#   Set larger code cache with -XX:ReservedCodeCacheSize=
#   JVM is running with Unscaled Compressed Oops mode in which the Java heap is
#     placed in the first 4GB address space. The Java Heap base address is the
#     maximum limit for the native heap growth. Please use -XX:HeapBaseMinAddress
#     to set the Java Heap base and to place the Java Heap above 4GB virtual address.
# This output file may be truncated or incomplete.
#
#  Out of Memory Error (arena.cpp:191), pid=18180, tid=52572
#
# JRE version: OpenJDK Runtime Environment Temurin-17.0.11+9 (17.0.11+9) (build 17.0.11+9)
# Java VM: OpenJDK 64-Bit Server VM Temurin-17.0.11+9 (17.0.11+9, mixed mode, tiered, compressed oops, compressed class ptrs, parallel gc, windows-amd64)
# No core dump will be written. Minidumps are not enabled by default on client versions of Windows
#

---------------  S U M M A R Y ------------

Command Line: --add-modules=ALL-SYSTEM --add-opens=java.base/java.util=ALL-UNNAMED --add-opens=java.base/java.lang=ALL-UNNAMED --add-opens=java.base/sun.nio.fs=ALL-UNNAMED -Declipse.application=org.eclipse.jdt.ls.core.id1 -Dosgi.bundles.defaultStartLevel=4 -Declipse.product=org.eclipse.jdt.ls.core.product -Djava.import.generatesMetadataFilesAtProjectRoot=false -DDetectVMInstallationsJob.disabled=true -Dfile.encoding=utf8 -XX:+UseParallelGC -XX:GCTimeRatio=4 -XX:AdaptiveSizePolicyWeight=90 -Dsun.zip.disableMemoryMapping=true -Xmx1G -Xms100m -Xlog:disable -javaagent:c:\Users\Ramu\.vscode\extensions\redhat.java-1.33.0-win32-x64\lombok\lombok-1.18.33.jar -XX:+HeapDumpOnOutOfMemoryError -XX:HeapDumpPath=c:\Users\Ramu\AppData\Roaming\Code\User\workspaceStorage\c29c7cd5e7cb7b7d92916469acd6b224\redhat.java -Daether.dependencyCollector.impl=bf c:\Users\Ramu\.vscode\extensions\redhat.java-1.33.0-win32-x64\server\plugins\org.eclipse.equinox.launcher_1.6.900.v20240613-2009.jar -configuration c:\Users\Ramu\AppData\Roaming\Code\User\globalStorage\redhat.java\1.33.0\config_win -data c:\Users\Ramu\AppData\Roaming\Code\User\workspaceStorage\c29c7cd5e7cb7b7d92916469acd6b224\redhat.java\jdt_ws --pipe=\\.\pipe\lsp-e00ae9f900d0197ad88a00622bfe69ae-sock

Host: Intel(R) Core(TM) i5-1035G1 CPU @ 1.00GHz, 8 cores, 7G,  Windows 11 , 64 bit Build 22621 (10.0.22621.3672)
Time: Tue Aug  6 13:34:03 2024 India Standard Time elapsed time: 14.762079 seconds (0d 0h 0m 14s)

---------------  T H R E A D  ---------------

Current thread (0x000001a1f31901f0):  JavaThread "C2 CompilerThread0" daemon [_thread_in_native, id=52572, stack(0x0000002296f00000,0x0000002297000000)]


Current CompileTask:
C2:  14762 6636       4       org.lombokweb.asm.ClassReader::readMethod (1066 bytes)

Stack: [0x0000002296f00000,0x0000002297000000]
Native frames: (J=compiled Java code, j=interpreted, Vv=VM code, C=native code)
V  [jvm.dll+0x67d429]
V  [jvm.dll+0x834b7a]
V  [jvm.dll+0x83663e]
V  [jvm.dll+0x836ca3]
V  [jvm.dll+0x247dbf]
V  [jvm.dll+0xac534]
V  [jvm.dll+0xacb7c]
V  [jvm.dll+0xac63b]
V  [jvm.dll+0x65ac7c]
V  [jvm.dll+0x608e67]
V  [jvm.dll+0x60e6cb]
V  [jvm.dll+0x60f4a2]
V  [jvm.dll+0x60d9da]
V  [jvm.dll+0x21a2e8]
V  [jvm.dll+0x2198b1]
V  [jvm.dll+0x1a534d]
V  [jvm.dll+0x2295cd]
V  [jvm.dll+0x22779c]
V  [jvm.dll+0x7e9d07]
V  [jvm.dll+0x7e410a]
V  [jvm.dll+0x67c315]
C  [ucrtbase.dll+0x29333]
C  [KERNEL32.DLL+0x1257d]
C  [ntdll.dll+0x5af28]


---------------  P R O C E S S  ---------------

Threads class SMR info:
_java_thread_list=0x000001a1f739ea70, length=44, elements={
0x000001a1d83147c0, 0x000001a1ee0e4020, 0x000001a1ee0e5190, 0x000001a1f3186510,
0x000001a1f3186de0, 0x000001a1f31878b0, 0x000001a1f3188a20, 0x000001a1f31901f0,
0x000001a1f3194250, 0x000001a1f319d330, 0x000001a1d837a330, 0x000001a1f3427c40,
0x000001a1f49804b0, 0x000001a1f4ce70d0, 0x000001a1f4a8a030, 0x000001a1f53390e0,
0x000001a1f528bad0, 0x000001a1f4f6e3c0, 0x000001a1f4f6deb0, 0x000001a1f4f6d490,
0x000001a1f4f6d9a0, 0x000001a1f4f6cf80, 0x000001a1f699dbf0, 0x000001a1f699c2a0,
0x000001a1f699bd90, 0x000001a1f699d1d0, 0x000001a1f699fa50, 0x000001a1f69985e0,
0x000001a1f6998af0, 0x000001a1f699a440, 0x000001a1f699f030, 0x000001a1f699e610,
0x000001a1f699b880, 0x000001a1f6999a20, 0x000001a1f699d6e0, 0x000001a1f699e100,
0x000001a1f6999000, 0x000001a1f699a950, 0x000001a1f6999f30, 0x000001a1f699eb20,
0x000001a1f699f540, 0x000001a1f699ff60, 0x000001a1f6999510, 0x000001a1f699ae60
}

Java Threads: ( => current thread )
  0x000001a1d83147c0 JavaThread "main" [_thread_blocked, id=48780, stack(0x0000002296600000,0x0000002296700000)]
  0x000001a1ee0e4020 JavaThread "Reference Handler" daemon [_thread_blocked, id=24964, stack(0x0000002296900000,0x0000002296a00000)]
  0x000001a1ee0e5190 JavaThread "Finalizer" daemon [_thread_blocked, id=33160, stack(0x0000002296a00000,0x0000002296b00000)]
  0x000001a1f3186510 JavaThread "Signal Dispatcher" daemon [_thread_blocked, id=11352, stack(0x0000002296b00000,0x0000002296c00000)]
  0x000001a1f3186de0 JavaThread "Attach Listener" daemon [_thread_blocked, id=45108, stack(0x0000002296c00000,0x0000002296d00000)]
  0x000001a1f31878b0 JavaThread "Service Thread" daemon [_thread_blocked, id=27084, stack(0x0000002296d00000,0x0000002296e00000)]
  0x000001a1f3188a20 JavaThread "Monitor Deflation Thread" daemon [_thread_blocked, id=49540, stack(0x0000002296e00000,0x0000002296f00000)]
=>0x000001a1f31901f0 JavaThread "C2 CompilerThread0" daemon [_thread_in_native, id=52572, stack(0x0000002296f00000,0x0000002297000000)]
  0x000001a1f3194250 JavaThread "C1 CompilerThread0" daemon [_thread_blocked, id=50400, stack(0x0000002297000000,0x0000002297100000)]
  0x000001a1f319d330 JavaThread "Sweeper thread" daemon [_thread_blocked, id=28768, stack(0x0000002297100000,0x0000002297200000)]
  0x000001a1d837a330 JavaThread "Common-Cleaner" daemon [_thread_blocked, id=51444, stack(0x0000002297200000,0x0000002297300000)]
  0x000001a1f3427c40 JavaThread "Notification Thread" daemon [_thread_blocked, id=44548, stack(0x0000002297300000,0x0000002297400000)]
  0x000001a1f49804b0 JavaThread "Active Thread: Equinox Container: e7980a87-121f-47ed-a3a4-fd9856ee3eb4" [_thread_blocked, id=45784, stack(0x0000002297b00000,0x0000002297c00000)]
  0x000001a1f4ce70d0 JavaThread "Framework Event Dispatcher: Equinox Container: e7980a87-121f-47ed-a3a4-fd9856ee3eb4" daemon [_thread_blocked, id=53548, stack(0x0000002297c00000,0x0000002297d00000)]
  0x000001a1f4a8a030 JavaThread "Start Level: Equinox Container: e7980a87-121f-47ed-a3a4-fd9856ee3eb4" daemon [_thread_blocked, id=51128, stack(0x0000002297d00000,0x0000002297e00000)]
  0x000001a1f53390e0 JavaThread "Bundle File Closer" daemon [_thread_blocked, id=36984, stack(0x0000002297f00000,0x0000002298000000)]
  0x000001a1f528bad0 JavaThread "SCR Component Actor" daemon [_thread_blocked, id=53736, stack(0x0000002298000000,0x0000002298100000)]
  0x000001a1f4f6e3c0 JavaThread "Worker-JM" [_thread_blocked, id=39680, stack(0x0000002298200000,0x0000002298300000)]
  0x000001a1f4f6deb0 JavaThread "JNA Cleaner" daemon [_thread_blocked, id=51080, stack(0x0000002298300000,0x0000002298400000)]
  0x000001a1f4f6d490 JavaThread "Worker-0: Initialize workspace" [_thread_in_Java, id=46900, stack(0x0000002298400000,0x0000002298500000)]
  0x000001a1f4f6d9a0 JavaThread "Worker-1" [_thread_blocked, id=48496, stack(0x0000002298500000,0x0000002298600000)]
  0x000001a1f4f6cf80 JavaThread "Worker-2" [_thread_blocked, id=8124, stack(0x0000002298600000,0x0000002298700000)]
  0x000001a1f699dbf0 JavaThread "Java indexing" daemon [_thread_blocked, id=45988, stack(0x0000002298700000,0x0000002298800000)]
  0x000001a1f699c2a0 JavaThread "Thread-2" daemon [_thread_in_native, id=54948, stack(0x0000002298800000,0x0000002298900000)]
  0x000001a1f699bd90 JavaThread "Thread-3" daemon [_thread_in_native, id=45884, stack(0x0000002298900000,0x0000002298a00000)]
  0x000001a1f699d1d0 JavaThread "Thread-4" daemon [_thread_in_native, id=54884, stack(0x0000002298a00000,0x0000002298b00000)]
  0x000001a1f699fa50 JavaThread "Thread-5" daemon [_thread_in_native, id=55096, stack(0x0000002298b00000,0x0000002298c00000)]
  0x000001a1f69985e0 JavaThread "Thread-6" daemon [_thread_in_native, id=43360, stack(0x0000002298c00000,0x0000002298d00000)]
  0x000001a1f6998af0 JavaThread "Thread-7" daemon [_thread_in_native, id=49056, stack(0x0000002298d00000,0x0000002298e00000)]
  0x000001a1f699a440 JavaThread "Thread-8" daemon [_thread_in_native, id=35320, stack(0x0000002298e00000,0x0000002298f00000)]
  0x000001a1f699f030 JavaThread "Thread-9" daemon [_thread_in_native, id=55128, stack(0x0000002298f00000,0x0000002299000000)]
  0x000001a1f699e610 JavaThread "Thread-10" daemon [_thread_in_native, id=25744, stack(0x0000002299000000,0x0000002299100000)]
  0x000001a1f699b880 JavaThread "pool-2-thread-1" [_thread_blocked, id=49748, stack(0x0000002299100000,0x0000002299200000)]
  0x000001a1f6999a20 JavaThread "WorkspaceEventsHandler" [_thread_blocked, id=44472, stack(0x0000002299200000,0x0000002299300000)]
  0x000001a1f699d6e0 JavaThread "pool-1-thread-1" [_thread_blocked, id=18992, stack(0x0000002299300000,0x0000002299400000)]
  0x000001a1f699e100 JavaThread "Worker-3" [_thread_blocked, id=54688, stack(0x0000002299400000,0x0000002299500000)]
  0x000001a1f6999000 JavaThread "ForkJoinPool.commonPool-worker-1" daemon [_thread_blocked, id=54392, stack(0x0000002298100000,0x0000002298200000)]
  0x000001a1f699a950 JavaThread "ForkJoinPool.commonPool-worker-2" daemon [_thread_in_vm, id=36928, stack(0x0000002299500000,0x0000002299600000)]
  0x000001a1f6999f30 JavaThread "ForkJoinPool.commonPool-worker-3" daemon [_thread_blocked, id=55260, stack(0x0000002299600000,0x0000002299700000)]
  0x000001a1f699eb20 JavaThread "ForkJoinPool.commonPool-worker-4" daemon [_thread_blocked, id=19764, stack(0x0000002299700000,0x0000002299800000)]
  0x000001a1f699f540 JavaThread "ForkJoinPool.commonPool-worker-5" daemon [_thread_blocked, id=45908, stack(0x0000002299800000,0x0000002299900000)]
  0x000001a1f699ff60 JavaThread "ForkJoinPool.commonPool-worker-6" daemon [_thread_in_native, id=37732, stack(0x0000002299900000,0x0000002299a00000)]
  0x000001a1f6999510 JavaThread "ForkJoinPool.commonPool-worker-7" daemon [_thread_blocked, id=53940, stack(0x0000002299a00000,0x0000002299b00000)]
  0x000001a1f699ae60 JavaThread "SCR Component Registry" daemon [_thread_blocked, id=45244, stack(0x0000002299b00000,0x0000002299c00000)]

Other Threads:
  0x000001a1f31514b0 VMThread "VM Thread" [stack: 0x0000002296800000,0x0000002296900000] [id=45752]
  0x000001a1f42f4090 WatcherThread [stack: 0x0000002297400000,0x0000002297500000] [id=52540]
  0x000001a1d83229a0 GCTaskThread "GC Thread#0" [stack: 0x0000002296700000,0x0000002296800000] [id=9348]
  0x000001a1f46c38a0 GCTaskThread "GC Thread#1" [stack: 0x0000002297500000,0x0000002297600000] [id=49592]
  0x000001a1f4ce8db0 GCTaskThread "GC Thread#2" [stack: 0x0000002297600000,0x0000002297700000] [id=36900]
  0x000001a1f4ce9070 GCTaskThread "GC Thread#3" [stack: 0x0000002297700000,0x0000002297800000] [id=43780]
  0x000001a1f4ce9330 GCTaskThread "GC Thread#4" [stack: 0x0000002297800000,0x0000002297900000] [id=41188]
  0x000001a1f4ce95f0 GCTaskThread "GC Thread#5" [stack: 0x0000002297900000,0x0000002297a00000] [id=35500]
  0x000001a1f4972360 GCTaskThread "GC Thread#6" [stack: 0x0000002297a00000,0x0000002297b00000] [id=53680]
  0x000001a1f4973120 GCTaskThread "GC Thread#7" [stack: 0x0000002297e00000,0x0000002297f00000] [id=48792]

Threads with active compile tasks:
C2 CompilerThread0    14814 6636       4       org.lombokweb.asm.ClassReader::readMethod (1066 bytes)

VM state: not at safepoint (normal execution)

VM Mutex/Monitor currently owned by a thread: None

Heap address: 0x00000000c0000000, size: 1024 MB, Compressed Oops mode: 32-bit

CDS archive(s) not mapped
Compressed class space mapped at: 0x0000000100000000-0x0000000140000000, reserved size: 1073741824
Narrow klass base: 0x0000000000000000, Narrow klass shift: 3, Narrow klass range: 0x140000000

GC Precious Log:
 CPUs: 8 total, 8 available
 Memory: 7959M
 Large Page Support: Disabled
 NUMA Support: Disabled
 Compressed Oops: Enabled (32-bit)
 Alignments: Space 512K, Generation 512K, Heap 2M
 Heap Min Capacity: 100M
 Heap Initial Capacity: 100M
 Heap Max Capacity: 1G
 Pre-touch: Disabled
 Parallel Workers: 8

Heap:
 PSYoungGen      total 24064K, used 22362K [0x00000000eab00000, 0x00000000ec480000, 0x0000000100000000)
  eden space 22016K, 92% used [0x00000000eab00000,0x00000000ebeda960,0x00000000ec080000)
  from space 2048K, 99% used [0x00000000ec080000,0x00000000ec27c010,0x00000000ec280000)
  to   space 1024K, 0% used [0x00000000ec280000,0x00000000ec280000,0x00000000ec380000)
 ParOldGen       total 68608K, used 31119K [0x00000000c0000000, 0x00000000c4300000, 0x00000000eab00000)
  object space 68608K, 45% used [0x00000000c0000000,0x00000000c1e63c40,0x00000000c4300000)
 Metaspace       used 63387K, committed 64640K, reserved 1114112K
  class space    used 6788K, committed 7296K, reserved 1048576K

Card table byte_map: [0x000001a1eb960000,0x000001a1ebb70000] _byte_map_base: 0x000001a1eb360000

Marking Bits: (ParMarkBitMap*) 0x00007ffa4741d820
 Begin Bits: [0x000001a1ebcd0000, 0x000001a1eccd0000)
 End Bits:   [0x000001a1eccd0000, 0x000001a1edcd0000)

Polling page: 0x000001a1d83c0000

Metaspace:

Usage:
  Non-class:     55.27 MB used.
      Class:      6.63 MB used.
       Both:     61.90 MB used.

Virtual space:
  Non-class space:       64.00 MB reserved,      56.00 MB ( 88%) committed,  1 nodes.
      Class space:        1.00 GB reserved,       7.12 MB ( <1%) committed,  1 nodes.
             Both:        1.06 GB reserved,      63.12 MB (  6%) committed. 

Chunk freelists:
   Non-Class:  7.19 MB
       Class:  8.91 MB
        Both:  16.10 MB

MaxMetaspaceSize: unlimited
CompressedClassSpaceSize: 1.00 GB
Initial GC threshold: 21.00 MB
Current GC threshold: 97.31 MB
CDS: off
MetaspaceReclaimPolicy: balanced
 - commit_granule_bytes: 65536.
 - commit_granule_words: 8192.
 - virtual_space_node_default_size: 8388608.
 - enlarge_chunks_in_place: 1.
 - new_chunks_are_fully_committed: 0.
 - uncommit_free_chunks: 1.
 - use_allocation_guard: 0.
 - handle_deallocations: 1.


Internal statistics:

num_allocs_failed_limit: 9.
num_arena_births: 786.
num_arena_deaths: 14.
num_vsnodes_births: 2.
num_vsnodes_deaths: 0.
num_space_committed: 1010.
num_space_uncommitted: 0.
num_chunks_returned_to_freelist: 23.
num_chunks_taken_from_freelist: 3370.
num_chunk_merges: 14.
num_chunk_splits: 2096.
num_chunks_enlarged: 1181.
num_inconsistent_stats: 0.

CodeHeap 'non-profiled nmethods': size=120000Kb used=2824Kb max_used=2824Kb free=117175Kb
 bounds [0x000001a1e4250000, 0x000001a1e4520000, 0x000001a1eb780000]
CodeHeap 'profiled nmethods': size=120000Kb used=12817Kb max_used=12817Kb free=107183Kb
 bounds [0x000001a1dc780000, 0x000001a1dd410000, 0x000001a1e3cb0000]
CodeHeap 'non-nmethods': size=5760Kb used=1361Kb max_used=1400Kb free=4398Kb
 bounds [0x000001a1e3cb0000, 0x000001a1e3f20000, 0x000001a1e4250000]
 total_blobs=6839 nmethods=6145 adapters=606
 compilation: enabled
              stopped_count=0, restarted_count=0
 full_count=0

Compilation events (20 events):
Event: 14.745 Thread 0x000001a1f3194250 6992       2       org.apache.maven.model.profile.DefaultProfileActivationContext::lambda$setProjectProperties$0 (10 bytes)
Event: 14.745 Thread 0x000001a1f3194250 nmethod 6992 0x000001a1dd3ee590 code [0x000001a1dd3ee740, 0x000001a1dd3ee898]
Event: 14.745 Thread 0x000001a1f3194250 6993       2       org.apache.maven.model.profile.DefaultProfileActivationContext$$Lambda$478/0x00000001006fa2d0::apply (8 bytes)
Event: 14.746 Thread 0x000001a1f3194250 nmethod 6993 0x000001a1dd3ee990 code [0x000001a1dd3eeb40, 0x000001a1dd3eecf8]
Event: 14.747 Thread 0x000001a1f3194250 6994       2       org.eclipse.sisu.inject.LazyBeanEntry::getValue (10 bytes)
Event: 14.747 Thread 0x000001a1f3194250 nmethod 6994 0x000001a1dd3eee10 code [0x000001a1dd3eefa0, 0x000001a1dd3ef0c8]
Event: 14.747 Thread 0x000001a1f3194250 6995       1       org.apache.maven.model.Profile::getActivation (5 bytes)
Event: 14.747 Thread 0x000001a1f3194250 nmethod 6995 0x000001a1e4510e10 code [0x000001a1e4510fa0, 0x000001a1e4511078]
Event: 14.749 Thread 0x000001a1f3194250 6996       2       org.eclipse.core.internal.resources.MarkerManager$$Lambda$378/0x000000010032e600::visitElement (23 bytes)
Event: 14.750 Thread 0x000001a1f3194250 nmethod 6996 0x000001a1dd3ef190 code [0x000001a1dd3ef320, 0x000001a1dd3ef468]
Event: 14.750 Thread 0x000001a1f3194250 6997       2       org.eclipse.core.internal.resources.MarkerManager::lambda$1 (72 bytes)
Event: 14.750 Thread 0x000001a1f3194250 nmethod 6997 0x000001a1dd3ef590 code [0x000001a1dd3ef760, 0x000001a1dd3efa18]
Event: 14.750 Thread 0x000001a1f3194250 6998       1       org.eclipse.core.internal.resources.MarkerInfo::getId (5 bytes)
Event: 14.750 Thread 0x000001a1f3194250 nmethod 6998 0x000001a1e4511110 code [0x000001a1e45112a0, 0x000001a1e4511378]
Event: 14.750 Thread 0x000001a1f3194250 6999       1       org.eclipse.core.internal.resources.Workspace::getMarkerManager (5 bytes)
Event: 14.751 Thread 0x000001a1f3194250 nmethod 6999 0x000001a1e4511410 code [0x000001a1e45115a0, 0x000001a1e4511678]
Event: 14.751 Thread 0x000001a1f3194250 7000       1       org.eclipse.aether.DefaultRepositorySystemSession::getConfigProperties (5 bytes)
Event: 14.751 Thread 0x000001a1f3194250 nmethod 7000 0x000001a1e4511710 code [0x000001a1e45118a0, 0x000001a1e4511978]
Event: 14.753 Thread 0x000001a1f3194250 7001       2       java.nio.ByteBuffer::clear (7 bytes)
Event: 14.753 Thread 0x000001a1f3194250 nmethod 7001 0x000001a1dd3efc10 code [0x000001a1dd3efda0, 0x000001a1dd3efeb8]

GC Heap History (20 events):
Event: 11.026 GC heap before
{Heap before GC invocations=21 (full 2):
 PSYoungGen      total 23552K, used 23249K [0x00000000eab00000, 0x00000000ec400000, 0x0000000100000000)
  eden space 22016K, 100% used [0x00000000eab00000,0x00000000ec080000,0x00000000ec080000)
  from space 1536K, 80% used [0x00000000ec280000,0x00000000ec3b4548,0x00000000ec400000)
  to   space 1536K, 0% used [0x00000000ec080000,0x00000000ec080000,0x00000000ec200000)
 ParOldGen       total 68608K, used 21967K [0x00000000c0000000, 0x00000000c4300000, 0x00000000eab00000)
  object space 68608K, 32% used [0x00000000c0000000,0x00000000c1573f10,0x00000000c4300000)
 Metaspace       used 54235K, committed 55360K, reserved 1114112K
  class space    used 5864K, committed 6336K, reserved 1048576K
}
Event: 11.030 GC heap after
{Heap after GC invocations=21 (full 2):
 PSYoungGen      total 23552K, used 1504K [0x00000000eab00000, 0x00000000ec780000, 0x0000000100000000)
  eden space 22016K, 0% used [0x00000000eab00000,0x00000000eab00000,0x00000000ec080000)
  from space 1536K, 97% used [0x00000000ec080000,0x00000000ec1f8040,0x00000000ec200000)
  to   space 3584K, 0% used [0x00000000ec400000,0x00000000ec400000,0x00000000ec780000)
 ParOldGen       total 68608K, used 23344K [0x00000000c0000000, 0x00000000c4300000, 0x00000000eab00000)
  object space 68608K, 34% used [0x00000000c0000000,0x00000000c16cc158,0x00000000c4300000)
 Metaspace       used 54235K, committed 55360K, reserved 1114112K
  class space    used 5864K, committed 6336K, reserved 1048576K
}
Event: 11.325 GC heap before
{Heap before GC invocations=22 (full 2):
 PSYoungGen      total 23552K, used 23520K [0x00000000eab00000, 0x00000000ec780000, 0x0000000100000000)
  eden space 22016K, 100% used [0x00000000eab00000,0x00000000ec080000,0x00000000ec080000)
  from space 1536K, 97% used [0x00000000ec080000,0x00000000ec1f8040,0x00000000ec200000)
  to   space 3584K, 0% used [0x00000000ec400000,0x00000000ec400000,0x00000000ec780000)
 ParOldGen       total 68608K, used 23344K [0x00000000c0000000, 0x00000000c4300000, 0x00000000eab00000)
  object space 68608K, 34% used [0x00000000c0000000,0x00000000c16cc158,0x00000000c4300000)
 Metaspace       used 54319K, committed 55424K, reserved 1114112K
  class space    used 5868K, committed 6336K, reserved 1048576K
}
Event: 11.330 GC heap after
{Heap after GC invocations=22 (full 2):
 PSYoungGen      total 24576K, used 2304K [0x00000000eab00000, 0x00000000ec680000, 0x0000000100000000)
  eden space 22016K, 0% used [0x00000000eab00000,0x00000000eab00000,0x00000000ec080000)
  from space 2560K, 90% used [0x00000000ec400000,0x00000000ec640010,0x00000000ec680000)
  to   space 2560K, 0% used [0x00000000ec180000,0x00000000ec180000,0x00000000ec400000)
 ParOldGen       total 68608K, used 24852K [0x00000000c0000000, 0x00000000c4300000, 0x00000000eab00000)
  object space 68608K, 36% used [0x00000000c0000000,0x00000000c1845240,0x00000000c4300000)
 Metaspace       used 54319K, committed 55424K, reserved 1114112K
  class space    used 5868K, committed 6336K, reserved 1048576K
}
Event: 11.778 GC heap before
{Heap before GC invocations=23 (full 2):
 PSYoungGen      total 24576K, used 24320K [0x00000000eab00000, 0x00000000ec680000, 0x0000000100000000)
  eden space 22016K, 100% used [0x00000000eab00000,0x00000000ec080000,0x00000000ec080000)
  from space 2560K, 90% used [0x00000000ec400000,0x00000000ec640010,0x00000000ec680000)
  to   space 2560K, 0% used [0x00000000ec180000,0x00000000ec180000,0x00000000ec400000)
 ParOldGen       total 68608K, used 24852K [0x00000000c0000000, 0x00000000c4300000, 0x00000000eab00000)
  object space 68608K, 36% used [0x00000000c0000000,0x00000000c1845240,0x00000000c4300000)
 Metaspace       used 55254K, committed 56384K, reserved 1114112K
  class space    used 6002K, committed 6464K, reserved 1048576K
}
Event: 11.782 GC heap after
{Heap after GC invocations=23 (full 2):
 PSYoungGen      total 24064K, used 1880K [0x00000000eab00000, 0x00000000ec580000, 0x0000000100000000)
  eden space 22016K, 0% used [0x00000000eab00000,0x00000000eab00000,0x00000000ec080000)
  from space 2048K, 91% used [0x00000000ec180000,0x00000000ec356260,0x00000000ec380000)
  to   space 2048K, 0% used [0x00000000ec380000,0x00000000ec380000,0x00000000ec580000)
 ParOldGen       total 68608K, used 26964K [0x00000000c0000000, 0x00000000c4300000, 0x00000000eab00000)
  object space 68608K, 39% used [0x00000000c0000000,0x00000000c1a55240,0x00000000c4300000)
 Metaspace       used 55254K, committed 56384K, reserved 1114112K
  class space    used 6002K, committed 6464K, reserved 1048576K
}
Event: 12.900 GC heap before
{Heap before GC invocations=24 (full 2):
 PSYoungGen      total 24064K, used 23896K [0x00000000eab00000, 0x00000000ec580000, 0x0000000100000000)
  eden space 22016K, 100% used [0x00000000eab00000,0x00000000ec080000,0x00000000ec080000)
  from space 2048K, 91% used [0x00000000ec180000,0x00000000ec356260,0x00000000ec380000)
  to   space 2048K, 0% used [0x00000000ec380000,0x00000000ec380000,0x00000000ec580000)
 ParOldGen       total 68608K, used 26964K [0x00000000c0000000, 0x00000000c4300000, 0x00000000eab00000)
  object space 68608K, 39% used [0x00000000c0000000,0x00000000c1a55240,0x00000000c4300000)
 Metaspace       used 56702K, committed 57856K, reserved 1114112K
  class space    used 6184K, committed 6656K, reserved 1048576K
}
Event: 12.902 GC heap after
{Heap after GC invocations=24 (full 2):
 PSYoungGen      total 23040K, used 642K [0x00000000eab00000, 0x00000000ec480000, 0x0000000100000000)
  eden space 22016K, 0% used [0x00000000eab00000,0x00000000eab00000,0x00000000ec080000)
  from space 1024K, 62% used [0x00000000ec380000,0x00000000ec420838,0x00000000ec480000)
  to   space 1536K, 0% used [0x00000000ec180000,0x00000000ec180000,0x00000000ec300000)
 ParOldGen       total 68608K, used 28664K [0x00000000c0000000, 0x00000000c4300000, 0x00000000eab00000)
  object space 68608K, 41% used [0x00000000c0000000,0x00000000c1bfe1a0,0x00000000c4300000)
 Metaspace       used 56702K, committed 57856K, reserved 1114112K
  class space    used 6184K, committed 6656K, reserved 1048576K
}
Event: 13.530 GC heap before
{Heap before GC invocations=25 (full 2):
 PSYoungGen      total 23040K, used 22478K [0x00000000eab00000, 0x00000000ec480000, 0x0000000100000000)
  eden space 22016K, 99% used [0x00000000eab00000,0x00000000ec053360,0x00000000ec080000)
  from space 1024K, 62% used [0x00000000ec380000,0x00000000ec420838,0x00000000ec480000)
  to   space 1536K, 0% used [0x00000000ec180000,0x00000000ec180000,0x00000000ec300000)
 ParOldGen       total 68608K, used 28664K [0x00000000c0000000, 0x00000000c4300000, 0x00000000eab00000)
  object space 68608K, 41% used [0x00000000c0000000,0x00000000c1bfe1a0,0x00000000c4300000)
 Metaspace       used 58662K, committed 59776K, reserved 1114112K
  class space    used 6375K, committed 6848K, reserved 1048576K
}
Event: 13.532 GC heap after
{Heap after GC invocations=25 (full 2):
 PSYoungGen      total 23552K, used 448K [0x00000000eab00000, 0x00000000ec400000, 0x0000000100000000)
  eden space 22016K, 0% used [0x00000000eab00000,0x00000000eab00000,0x00000000ec080000)
  from space 1536K, 29% used [0x00000000ec180000,0x00000000ec1f0000,0x00000000ec300000)
  to   space 1024K, 0% used [0x00000000ec300000,0x00000000ec300000,0x00000000ec400000)
 ParOldGen       total 68608K, used 29206K [0x00000000c0000000, 0x00000000c4300000, 0x00000000eab00000)
  object space 68608K, 42% used [0x00000000c0000000,0x00000000c1c85938,0x00000000c4300000)
 Metaspace       used 58662K, committed 59776K, reserved 1114112K
  class space    used 6375K, committed 6848K, reserved 1048576K
}
Event: 13.532 GC heap before
{Heap before GC invocations=26 (full 3):
 PSYoungGen      total 23552K, used 448K [0x00000000eab00000, 0x00000000ec400000, 0x0000000100000000)
  eden space 22016K, 0% used [0x00000000eab00000,0x00000000eab00000,0x00000000ec080000)
  from space 1536K, 29% used [0x00000000ec180000,0x00000000ec1f0000,0x00000000ec300000)
  to   space 1024K, 0% used [0x00000000ec300000,0x00000000ec300000,0x00000000ec400000)
 ParOldGen       total 68608K, used 29206K [0x00000000c0000000, 0x00000000c4300000, 0x00000000eab00000)
  object space 68608K, 42% used [0x00000000c0000000,0x00000000c1c85938,0x00000000c4300000)
 Metaspace       used 58662K, committed 59776K, reserved 1114112K
  class space    used 6375K, committed 6848K, reserved 1048576K
}
Event: 13.599 GC heap after
{Heap after GC invocations=26 (full 3):
 PSYoungGen      total 23552K, used 0K [0x00000000eab00000, 0x00000000ec400000, 0x0000000100000000)
  eden space 22016K, 0% used [0x00000000eab00000,0x00000000eab00000,0x00000000ec080000)
  from space 1536K, 0% used [0x00000000ec180000,0x00000000ec180000,0x00000000ec300000)
  to   space 1024K, 0% used [0x00000000ec300000,0x00000000ec300000,0x00000000ec400000)
 ParOldGen       total 68608K, used 27922K [0x00000000c0000000, 0x00000000c4300000, 0x00000000eab00000)
  object space 68608K, 40% used [0x00000000c0000000,0x00000000c1b44970,0x00000000c4300000)
 Metaspace       used 58662K, committed 59776K, reserved 1114112K
  class space    used 6375K, committed 6848K, reserved 1048576K
}
Event: 13.846 GC heap before
{Heap before GC invocations=27 (full 3):
 PSYoungGen      total 23552K, used 22016K [0x00000000eab00000, 0x00000000ec400000, 0x0000000100000000)
  eden space 22016K, 100% used [0x00000000eab00000,0x00000000ec080000,0x00000000ec080000)
  from space 1536K, 0% used [0x00000000ec180000,0x00000000ec180000,0x00000000ec300000)
  to   space 1024K, 0% used [0x00000000ec300000,0x00000000ec300000,0x00000000ec400000)
 ParOldGen       total 68608K, used 27922K [0x00000000c0000000, 0x00000000c4300000, 0x00000000eab00000)
  object space 68608K, 40% used [0x00000000c0000000,0x00000000c1b44970,0x00000000c4300000)
 Metaspace       used 60130K, committed 61312K, reserved 1114112K
  class space    used 6498K, committed 6976K, reserved 1048576K
}
Event: 13.850 GC heap after
{Heap after GC invocations=27 (full 3):
 PSYoungGen      total 23040K, used 1015K [0x00000000eab00000, 0x00000000ec580000, 0x0000000100000000)
  eden space 22016K, 0% used [0x00000000eab00000,0x00000000eab00000,0x00000000ec080000)
  from space 1024K, 99% used [0x00000000ec300000,0x00000000ec3fdf18,0x00000000ec400000)
  to   space 2560K, 0% used [0x00000000ec080000,0x00000000ec080000,0x00000000ec300000)
 ParOldGen       total 68608K, used 28746K [0x00000000c0000000, 0x00000000c4300000, 0x00000000eab00000)
  object space 68608K, 41% used [0x00000000c0000000,0x00000000c1c12a58,0x00000000c4300000)
 Metaspace       used 60130K, committed 61312K, reserved 1114112K
  class space    used 6498K, committed 6976K, reserved 1048576K
}
Event: 13.923 GC heap before
{Heap before GC invocations=28 (full 3):
 PSYoungGen      total 23040K, used 23031K [0x00000000eab00000, 0x00000000ec580000, 0x0000000100000000)
  eden space 22016K, 100% used [0x00000000eab00000,0x00000000ec080000,0x00000000ec080000)
  from space 1024K, 99% used [0x00000000ec300000,0x00000000ec3fdf18,0x00000000ec400000)
  to   space 2560K, 0% used [0x00000000ec080000,0x00000000ec080000,0x00000000ec300000)
 ParOldGen       total 68608K, used 28746K [0x00000000c0000000, 0x00000000c4300000, 0x00000000eab00000)
  object space 68608K, 41% used [0x00000000c0000000,0x00000000c1c12a58,0x00000000c4300000)
 Metaspace       used 60391K, committed 61568K, reserved 1114112K
  class space    used 6510K, committed 6976K, reserved 1048576K
}
Event: 13.925 GC heap after
{Heap after GC invocations=28 (full 3):
 PSYoungGen      total 22528K, used 224K [0x00000000eab00000, 0x00000000ec380000, 0x0000000100000000)
  eden space 22016K, 0% used [0x00000000eab00000,0x00000000eab00000,0x00000000ec080000)
  from space 512K, 43% used [0x00000000ec080000,0x00000000ec0b8000,0x00000000ec100000)
  to   space 1024K, 0% used [0x00000000ec280000,0x00000000ec280000,0x00000000ec380000)
 ParOldGen       total 68608K, used 29366K [0x00000000c0000000, 0x00000000c4300000, 0x00000000eab00000)
  object space 68608K, 42% used [0x00000000c0000000,0x00000000c1cadaa8,0x00000000c4300000)
 Metaspace       used 60391K, committed 61568K, reserved 1114112K
  class space    used 6510K, committed 6976K, reserved 1048576K
}
Event: 14.591 GC heap before
{Heap before GC invocations=29 (full 3):
 PSYoungGen      total 22528K, used 22240K [0x00000000eab00000, 0x00000000ec380000, 0x0000000100000000)
  eden space 22016K, 100% used [0x00000000eab00000,0x00000000ec080000,0x00000000ec080000)
  from space 512K, 43% used [0x00000000ec080000,0x00000000ec0b8000,0x00000000ec100000)
  to   space 1024K, 0% used [0x00000000ec280000,0x00000000ec280000,0x00000000ec380000)
 ParOldGen       total 68608K, used 29366K [0x00000000c0000000, 0x00000000c4300000, 0x00000000eab00000)
  object space 68608K, 42% used [0x00000000c0000000,0x00000000c1cadaa8,0x00000000c4300000)
 Metaspace       used 63013K, committed 64128K, reserved 1114112K
  class space    used 6756K, committed 7232K, reserved 1048576K
}
Event: 14.595 GC heap after
{Heap after GC invocations=29 (full 3):
 PSYoungGen      total 23040K, used 1008K [0x00000000eab00000, 0x00000000ec480000, 0x0000000100000000)
  eden space 22016K, 0% used [0x00000000eab00000,0x00000000eab00000,0x00000000ec080000)
  from space 1024K, 98% used [0x00000000ec280000,0x00000000ec37c050,0x00000000ec380000)
  to   space 2048K, 0% used [0x00000000ec080000,0x00000000ec080000,0x00000000ec280000)
 ParOldGen       total 68608K, used 30099K [0x00000000c0000000, 0x00000000c4300000, 0x00000000eab00000)
  object space 68608K, 43% used [0x00000000c0000000,0x00000000c1d64d40,0x00000000c4300000)
 Metaspace       used 63013K, committed 64128K, reserved 1114112K
  class space    used 6756K, committed 7232K, reserved 1048576K
}
Event: 14.676 GC heap before
{Heap before GC invocations=30 (full 3):
 PSYoungGen      total 23040K, used 23008K [0x00000000eab00000, 0x00000000ec480000, 0x0000000100000000)
  eden space 22016K, 99% used [0x00000000eab00000,0x00000000ec07c2d0,0x00000000ec080000)
  from space 1024K, 98% used [0x00000000ec280000,0x00000000ec37c050,0x00000000ec380000)
  to   space 2048K, 0% used [0x00000000ec080000,0x00000000ec080000,0x00000000ec280000)
 ParOldGen       total 68608K, used 30099K [0x00000000c0000000, 0x00000000c4300000, 0x00000000eab00000)
  object space 68608K, 43% used [0x00000000c0000000,0x00000000c1d64d40,0x00000000c4300000)
 Metaspace       used 63283K, committed 64512K, reserved 1114112K
  class space    used 6779K, committed 7296K, reserved 1048576K
}
Event: 14.681 GC heap after
{Heap after GC invocations=30 (full 3):
 PSYoungGen      total 24064K, used 2032K [0x00000000eab00000, 0x00000000ec480000, 0x0000000100000000)
  eden space 22016K, 0% used [0x00000000eab00000,0x00000000eab00000,0x00000000ec080000)
  from space 2048K, 99% used [0x00000000ec080000,0x00000000ec27c010,0x00000000ec280000)
  to   space 1024K, 0% used [0x00000000ec280000,0x00000000ec280000,0x00000000ec380000)
 ParOldGen       total 68608K, used 31119K [0x00000000c0000000, 0x00000000c4300000, 0x00000000eab00000)
  object space 68608K, 45% used [0x00000000c0000000,0x00000000c1e63c40,0x00000000c4300000)
 Metaspace       used 63283K, committed 64512K, reserved 1114112K
  class space    used 6779K, committed 7296K, reserved 1048576K
}

Dll operation events (10 events):
Event: 0.017 Loaded shared library c:\Users\Ramu\.vscode\extensions\redhat.java-1.33.0-win32-x64\jre\17.0.11-win32-x86_64\bin\java.dll
Event: 0.217 Loaded shared library c:\Users\Ramu\.vscode\extensions\redhat.java-1.33.0-win32-x64\jre\17.0.11-win32-x86_64\bin\zip.dll
Event: 0.223 Loaded shared library C:\Users\Ramu\.vscode\extensions\redhat.java-1.33.0-win32-x64\jre\17.0.11-win32-x86_64\bin\instrument.dll
Event: 0.240 Loaded shared library C:\Users\Ramu\.vscode\extensions\redhat.java-1.33.0-win32-x64\jre\17.0.11-win32-x86_64\bin\net.dll
Event: 0.243 Loaded shared library C:\Users\Ramu\.vscode\extensions\redhat.java-1.33.0-win32-x64\jre\17.0.11-win32-x86_64\bin\nio.dll
Event: 0.251 Loaded shared library C:\Users\Ramu\.vscode\extensions\redhat.java-1.33.0-win32-x64\jre\17.0.11-win32-x86_64\bin\zip.dll
Event: 0.267 Loaded shared library C:\Users\Ramu\.vscode\extensions\redhat.java-1.33.0-win32-x64\jre\17.0.11-win32-x86_64\bin\jimage.dll
Event: 0.337 Loaded shared library c:\Users\Ramu\.vscode\extensions\redhat.java-1.33.0-win32-x64\jre\17.0.11-win32-x86_64\bin\verify.dll
Event: 1.743 Loaded shared library C:\Users\Ramu\AppData\Roaming\Code\User\globalStorage\redhat.java\1.33.0\config_win\org.eclipse.equinox.launcher\org.eclipse.equinox.launcher.win32.win32.x86_64_1.2.1100.v20240722-2106\eclipse_11904.dll
Event: 3.911 Loaded shared library C:\Users\Ramu\AppData\Local\Temp\jna-2539575\jna5512546666640483218.dll

Deoptimization events (20 events):
Event: 14.510 Thread 0x000001a1f699ff60 Uncommon trap: trap_request=0xffffff45 fr.pc=0x000001a1e4276e28 relative=0x0000000000000488
Event: 14.510 Thread 0x000001a1f699ff60 Uncommon trap: reason=unstable_if action=reinterpret pc=0x000001a1e4276e28 method=java.lang.String.replace(CC)Ljava/lang/String; @ 2 c2
Event: 14.510 Thread 0x000001a1f699ff60 DEOPT PACKING pc=0x000001a1e4276e28 sp=0x00000022999fd160
Event: 14.510 Thread 0x000001a1f699ff60 DEOPT UNPACKING pc=0x000001a1e3d09ea3 sp=0x00000022999fd110 mode 2
Event: 14.746 Thread 0x000001a1f699ff60 Uncommon trap: trap_request=0xffffff66 fr.pc=0x000001a1e43adb7c relative=0x00000000000000dc
Event: 14.746 Thread 0x000001a1f699ff60 Uncommon trap: reason=speculate_class_check action=maybe_recompile pc=0x000001a1e43adb7c method=java.util.regex.Pattern$CharPredicate.lambda$negate$3(I)Z @ 2 c2
Event: 14.746 Thread 0x000001a1f699ff60 DEOPT PACKING pc=0x000001a1e43adb7c sp=0x00000022999fce30
Event: 14.746 Thread 0x000001a1f699ff60 DEOPT UNPACKING pc=0x000001a1e3d09ea3 sp=0x00000022999fcd60 mode 2
Event: 14.746 Thread 0x000001a1f699ff60 Uncommon trap: trap_request=0xffffff66 fr.pc=0x000001a1e43adb7c relative=0x00000000000000dc
Event: 14.746 Thread 0x000001a1f699ff60 Uncommon trap: reason=speculate_class_check action=maybe_recompile pc=0x000001a1e43adb7c method=java.util.regex.Pattern$CharPredicate.lambda$negate$3(I)Z @ 2 c2
Event: 14.746 Thread 0x000001a1f699ff60 DEOPT PACKING pc=0x000001a1e43adb7c sp=0x00000022999fce30
Event: 14.746 Thread 0x000001a1f699ff60 DEOPT UNPACKING pc=0x000001a1e3d09ea3 sp=0x00000022999fcd60 mode 2
Event: 14.746 Thread 0x000001a1f699ff60 Uncommon trap: trap_request=0xffffff66 fr.pc=0x000001a1e43adb7c relative=0x00000000000000dc
Event: 14.746 Thread 0x000001a1f699ff60 Uncommon trap: reason=speculate_class_check action=maybe_recompile pc=0x000001a1e43adb7c method=java.util.regex.Pattern$CharPredicate.lambda$negate$3(I)Z @ 2 c2
Event: 14.746 Thread 0x000001a1f699ff60 DEOPT PACKING pc=0x000001a1e43adb7c sp=0x00000022999fce30
Event: 14.746 Thread 0x000001a1f699ff60 DEOPT UNPACKING pc=0x000001a1e3d09ea3 sp=0x00000022999fcd60 mode 2
Event: 14.746 Thread 0x000001a1f699ff60 Uncommon trap: trap_request=0xffffff66 fr.pc=0x000001a1e43adb7c relative=0x00000000000000dc
Event: 14.746 Thread 0x000001a1f699ff60 Uncommon trap: reason=speculate_class_check action=maybe_recompile pc=0x000001a1e43adb7c method=java.util.regex.Pattern$CharPredicate.lambda$negate$3(I)Z @ 2 c2
Event: 14.746 Thread 0x000001a1f699ff60 DEOPT PACKING pc=0x000001a1e43adb7c sp=0x00000022999fce30
Event: 14.746 Thread 0x000001a1f699ff60 DEOPT UNPACKING pc=0x000001a1e3d09ea3 sp=0x00000022999fcd60 mode 2

Classes unloaded (7 events):
Event: 3.403 Thread 0x000001a1f31514b0 Unloading class 0x0000000100250400 'java/lang/invoke/LambdaForm$MH+0x0000000100250400'
Event: 3.403 Thread 0x000001a1f31514b0 Unloading class 0x0000000100250000 'java/lang/invoke/LambdaForm$MH+0x0000000100250000'
Event: 3.403 Thread 0x000001a1f31514b0 Unloading class 0x000000010024bc00 'java/lang/invoke/LambdaForm$MH+0x000000010024bc00'
Event: 3.403 Thread 0x000001a1f31514b0 Unloading class 0x000000010024b800 'java/lang/invoke/LambdaForm$MH+0x000000010024b800'
Event: 3.403 Thread 0x000001a1f31514b0 Unloading class 0x000000010024b400 'java/lang/invoke/LambdaForm$BMH+0x000000010024b400'
Event: 3.403 Thread 0x000001a1f31514b0 Unloading class 0x000000010024b000 'java/lang/invoke/LambdaForm$DMH+0x000000010024b000'
Event: 3.403 Thread 0x000001a1f31514b0 Unloading class 0x0000000100248400 'java/lang/invoke/LambdaForm$DMH+0x0000000100248400'

Classes redefined (0 events):
No events

Internal exceptions (20 events):
Event: 13.518 Thread 0x000001a1f699d6e0 Exception <a 'java/io/FileNotFoundException'{0x00000000ebfd5820}> (0x00000000ebfd5820) 
thrown [s\src\hotspot\share\prims\jni.cpp, line 516]
Event: 13.612 Thread 0x000001a1f699d6e0 Exception <a 'sun/nio/fs/WindowsException'{0x00000000eab56cb0}> (0x00000000eab56cb0) 
thrown [s\src\hotspot\share\prims\jni.cpp, line 516]
Event: 13.612 Thread 0x000001a1f699d6e0 Exception <a 'sun/nio/fs/WindowsException'{0x00000000eab572e8}> (0x00000000eab572e8) 
thrown [s\src\hotspot\share\prims\jni.cpp, line 516]
Event: 13.613 Thread 0x000001a1f699d6e0 Exception <a 'sun/nio/fs/WindowsException'{0x00000000eab5aa38}> (0x00000000eab5aa38) 
thrown [s\src\hotspot\share\prims\jni.cpp, line 516]
Event: 13.614 Thread 0x000001a1f699d6e0 Exception <a 'sun/nio/fs/WindowsException'{0x00000000eab5b070}> (0x00000000eab5b070) 
thrown [s\src\hotspot\share\prims\jni.cpp, line 516]
Event: 14.048 Thread 0x000001a1f4f6d490 Exception <a 'sun/nio/fs/WindowsException'{0x00000000eb2a9740}> (0x00000000eb2a9740) 
thrown [s\src\hotspot\share\prims\jni.cpp, line 516]
Event: 14.049 Thread 0x000001a1f4f6d490 Exception <a 'sun/nio/fs/WindowsException'{0x00000000eb2a9d78}> (0x00000000eb2a9d78) 
thrown [s\src\hotspot\share\prims\jni.cpp, line 516]
Event: 14.134 Thread 0x000001a1f699ff60 Exception <a 'java/io/FileNotFoundException'{0x00000000eb444d48}> (0x00000000eb444d48) 
thrown [s\src\hotspot\share\prims\jni.cpp, line 516]
Event: 14.134 Thread 0x000001a1f699ff60 Exception <a 'java/io/FileNotFoundException'{0x00000000eb445fe0}> (0x00000000eb445fe0) 
thrown [s\src\hotspot\share\prims\jni.cpp, line 516]
Event: 14.134 Thread 0x000001a1f699ff60 Exception <a 'java/io/FileNotFoundException'{0x00000000eb446fd8}> (0x00000000eb446fd8) 
thrown [s\src\hotspot\share\prims\jni.cpp, line 516]
Event: 14.231 Thread 0x000001a1f699ff60 Exception <a 'sun/nio/fs/WindowsException'{0x00000000eb53e9d8}> (0x00000000eb53e9d8) 
thrown [s\src\hotspot\share\prims\jni.cpp, line 516]
Event: 14.231 Thread 0x000001a1f699ff60 Exception <a 'sun/nio/fs/WindowsException'{0x00000000eb53f2b8}> (0x00000000eb53f2b8) 
thrown [s\src\hotspot\share\prims\jni.cpp, line 516]
Event: 14.232 Thread 0x000001a1f699ff60 Exception <a 'sun/nio/fs/WindowsException'{0x00000000eb5402e0}> (0x00000000eb5402e0) 
thrown [s\src\hotspot\share\prims\jni.cpp, line 516]
Event: 14.232 Thread 0x000001a1f699ff60 Exception <a 'sun/nio/fs/WindowsException'{0x00000000eb540bc0}> (0x00000000eb540bc0) 
thrown [s\src\hotspot\share\prims\jni.cpp, line 516]
Event: 14.269 Thread 0x000001a1f699ff60 Exception <a 'java/io/FileNotFoundException'{0x00000000eb57c0c8}> (0x00000000eb57c0c8) 
thrown [s\src\hotspot\share\prims\jni.cpp, line 516]
Event: 14.270 Thread 0x000001a1f699ff60 Exception <a 'java/io/FileNotFoundException'{0x00000000eb57d0d8}> (0x00000000eb57d0d8) 
thrown [s\src\hotspot\share\prims\jni.cpp, line 516]
Event: 14.281 Thread 0x000001a1f699ff60 Exception <a 'sun/nio/fs/WindowsException'{0x00000000eb5ad218}> (0x00000000eb5ad218) 
thrown [s\src\hotspot\share\prims\jni.cpp, line 516]
Event: 14.282 Thread 0x000001a1f699ff60 Exception <a 'sun/nio/fs/WindowsException'{0x00000000eb5adaf8}> (0x00000000eb5adaf8) 
thrown [s\src\hotspot\share\prims\jni.cpp, line 516]
Event: 14.419 Thread 0x000001a1f699e100 Exception <a 'java/lang/NoSuchMethodError'{0x00000000eb8d4fb8}: 'java.lang.Object java.lang.invoke.DirectMethodHandle$Holder.invokeSpecial(java.lang.Object, java.lang.Object, int, long)'> (0x00000000eb8d4fb8) 
thrown [s\src\hotspot\share\interpreter\linkResolver.cpp, line 759]
Event: 14.490 Thread 0x000001a1f699f540 Exception <a 'java/lang/ArrayIndexOutOfBoundsException'{0x00000000ebabd7d8}: Index 1121 out of bounds for length 1120> (0x00000000ebabd7d8) 
thrown [s\src\hotspot\share\interpreter\interpreterRuntime.cpp, line 428]

VM Operations (20 events):
Event: 12.039 Executing VM operation: HandshakeAllThreads
Event: 12.039 Executing VM operation: HandshakeAllThreads done
Event: 12.900 Executing VM operation: ParallelGCFailedAllocation
Event: 12.902 Executing VM operation: ParallelGCFailedAllocation done
Event: 13.530 Executing VM operation: CollectForMetadataAllocation
Event: 13.599 Executing VM operation: CollectForMetadataAllocation done
Event: 13.846 Executing VM operation: ParallelGCFailedAllocation
Event: 13.850 Executing VM operation: ParallelGCFailedAllocation done
Event: 13.923 Executing VM operation: ParallelGCFailedAllocation
Event: 13.925 Executing VM operation: ParallelGCFailedAllocation done
Event: 14.042 Executing VM operation: HandshakeAllThreads
Event: 14.043 Executing VM operation: HandshakeAllThreads done
Event: 14.320 Executing VM operation: HandshakeAllThreads
Event: 14.320 Executing VM operation: HandshakeAllThreads done
Event: 14.512 Executing VM operation: HandshakeAllThreads
Event: 14.515 Executing VM operation: HandshakeAllThreads done
Event: 14.590 Executing VM operation: ParallelGCFailedAllocation
Event: 14.595 Executing VM operation: ParallelGCFailedAllocation done
Event: 14.673 Executing VM operation: ParallelGCFailedAllocation
Event: 14.681 Executing VM operation: ParallelGCFailedAllocation done

Events (20 events):
Event: 14.043 loading class java/util/stream/ReduceOps$CountingSink$OfRef
Event: 14.043 loading class java/util/stream/ReduceOps$CountingSink
Event: 14.043 loading class java/util/stream/ReduceOps$CountingSink done
Event: 14.043 loading class java/util/stream/ReduceOps$CountingSink$OfRef done
Event: 14.073 Thread 0x000001a1f6999510 Thread added: 0x000001a1f6999510
Event: 14.132 loading class java/util/Hashtable$KeySet
Event: 14.132 loading class java/util/Hashtable$KeySet done
Event: 14.304 Thread 0x000001a1f699ae60 Thread added: 0x000001a1f699ae60
Event: 14.457 loading class java/util/regex/Pattern$1
Event: 14.457 loading class java/util/regex/Pattern$1 done
Event: 14.500 loading class java/io/FileReader
Event: 14.501 loading class java/io/FileReader done
Event: 14.502 loading class java/lang/UnsupportedClassVersionError
Event: 14.502 loading class java/lang/UnsupportedClassVersionError done
Event: 14.519 loading class jdk/internal/reflect/UnsafeQualifiedStaticIntegerFieldAccessorImpl
Event: 14.520 loading class jdk/internal/reflect/UnsafeQualifiedStaticIntegerFieldAccessorImpl done
Event: 14.747 loading class java/util/stream/ReduceOps$1
Event: 14.748 loading class java/util/stream/ReduceOps$1 done
Event: 14.748 loading class java/util/stream/ReduceOps$1ReducingSink
Event: 14.748 loading class java/util/stream/ReduceOps$1ReducingSink done


Dynamic libraries:
0x00007ff681a90000 - 0x00007ff681a9e000 	c:\Users\Ramu\.vscode\extensions\redhat.java-1.33.0-win32-x64\jre\17.0.11-win32-x86_64\bin\java.exe
0x00007ffaabed0000 - 0x00007ffaac0e7000 	C:\WINDOWS\SYSTEM32\ntdll.dll
0x00007ffaa9e70000 - 0x00007ffaa9f34000 	C:\WINDOWS\System32\KERNEL32.DLL
0x00007ffaa9740000 - 0x00007ffaa9aed000 	C:\WINDOWS\System32\KERNELBASE.dll
0x00007ffaa9200000 - 0x00007ffaa9311000 	C:\WINDOWS\System32\ucrtbase.dll
0x00007ffa9fe40000 - 0x00007ffa9fe5b000 	c:\Users\Ramu\.vscode\extensions\redhat.java-1.33.0-win32-x64\jre\17.0.11-win32-x86_64\bin\VCRUNTIME140.dll
0x00007ffa997c0000 - 0x00007ffa997d7000 	c:\Users\Ramu\.vscode\extensions\redhat.java-1.33.0-win32-x64\jre\17.0.11-win32-x86_64\bin\jli.dll
0x00007ffaab540000 - 0x00007ffaab6ee000 	C:\WINDOWS\System32\USER32.dll
0x00007ffaa9410000 - 0x00007ffaa9436000 	C:\WINDOWS\System32\win32u.dll
0x00007ffa92730000 - 0x00007ffa929c3000 	C:\WINDOWS\WinSxS\amd64_microsoft.windows.common-controls_6595b64144ccf1df_6.0.22621.3672_none_2713b9d173822955\COMCTL32.dll
0x00007ffaa9dc0000 - 0x00007ffaa9e67000 	C:\WINDOWS\System32\msvcrt.dll
0x00007ffaab510000 - 0x00007ffaab539000 	C:\WINDOWS\System32\GDI32.dll
0x00007ffaa9af0000 - 0x00007ffaa9c09000 	C:\WINDOWS\System32\gdi32full.dll
0x00007ffaa9530000 - 0x00007ffaa95ca000 	C:\WINDOWS\System32\msvcp_win.dll
0x00007ffaaa060000 - 0x00007ffaaa091000 	C:\WINDOWS\System32\IMM32.DLL
0x00007ffa9fe80000 - 0x00007ffa9fe8c000 	c:\Users\Ramu\.vscode\extensions\redhat.java-1.33.0-win32-x64\jre\17.0.11-win32-x86_64\bin\vcruntime140_1.dll
0x00007ffa61d60000 - 0x00007ffa61ded000 	c:\Users\Ramu\.vscode\extensions\redhat.java-1.33.0-win32-x64\jre\17.0.11-win32-x86_64\bin\msvcp140.dll
0x00007ffa46880000 - 0x00007ffa474e2000 	c:\Users\Ramu\.vscode\extensions\redhat.java-1.33.0-win32-x64\jre\17.0.11-win32-x86_64\bin\server\jvm.dll
0x00007ffaab240000 - 0x00007ffaab2f2000 	C:\WINDOWS\System32\ADVAPI32.dll
0x00007ffaaa350000 - 0x00007ffaaa3f9000 	C:\WINDOWS\System32\sechost.dll
0x00007ffaa9500000 - 0x00007ffaa9528000 	C:\WINDOWS\System32\bcrypt.dll
0x00007ffaa9f40000 - 0x00007ffaaa054000 	C:\WINDOWS\System32\RPCRT4.dll
0x00007ffaa8050000 - 0x00007ffaa809d000 	C:\WINDOWS\SYSTEM32\POWRPROF.dll
0x00007ffa84f70000 - 0x00007ffa84f79000 	C:\WINDOWS\SYSTEM32\WSOCK32.dll
0x00007ffaab1c0000 - 0x00007ffaab231000 	C:\WINDOWS\System32\WS2_32.dll
0x00007ffaa6ba0000 - 0x00007ffaa6bd4000 	C:\WINDOWS\SYSTEM32\WINMM.dll
0x00007ffa9e930000 - 0x00007ffa9e93a000 	C:\WINDOWS\SYSTEM32\VERSION.dll
0x00007ffaa8030000 - 0x00007ffaa8043000 	C:\WINDOWS\SYSTEM32\UMPDC.dll
0x00007ffaa82e0000 - 0x00007ffaa82f8000 	C:\WINDOWS\SYSTEM32\kernel.appcore.dll
0x00007ffa9fd00000 - 0x00007ffa9fd0a000 	c:\Users\Ramu\.vscode\extensions\redhat.java-1.33.0-win32-x64\jre\17.0.11-win32-x86_64\bin\jimage.dll
0x00007ffaa6960000 - 0x00007ffaa6b92000 	C:\WINDOWS\SYSTEM32\DBGHELP.DLL
0x00007ffaab8c0000 - 0x00007ffaabc48000 	C:\WINDOWS\System32\combase.dll
0x00007ffaabdb0000 - 0x00007ffaabe87000 	C:\WINDOWS\System32\OLEAUT32.dll
0x00007ffaa6920000 - 0x00007ffaa6952000 	C:\WINDOWS\SYSTEM32\dbgcore.DLL
0x00007ffaa9390000 - 0x00007ffaa940b000 	C:\WINDOWS\System32\bcryptPrimitives.dll
0x00007ffa99250000 - 0x00007ffa9925e000 	c:\Users\Ramu\.vscode\extensions\redhat.java-1.33.0-win32-x64\jre\17.0.11-win32-x86_64\bin\instrument.dll
0x00007ffa94470000 - 0x00007ffa94495000 	c:\Users\Ramu\.vscode\extensions\redhat.java-1.33.0-win32-x64\jre\17.0.11-win32-x86_64\bin\java.dll
0x00007ffa98a10000 - 0x00007ffa98a28000 	c:\Users\Ramu\.vscode\extensions\redhat.java-1.33.0-win32-x64\jre\17.0.11-win32-x86_64\bin\zip.dll
0x00007ffaaa460000 - 0x00007ffaaacbf000 	C:\WINDOWS\System32\SHELL32.dll
0x00007ffaa7100000 - 0x00007ffaa79fc000 	C:\WINDOWS\SYSTEM32\windows.storage.dll
0x00007ffaa6fc0000 - 0x00007ffaa70ff000 	C:\WINDOWS\SYSTEM32\wintypes.dll
0x00007ffaab360000 - 0x00007ffaab454000 	C:\WINDOWS\System32\SHCORE.dll
0x00007ffaaa0a0000 - 0x00007ffaaa0fe000 	C:\WINDOWS\System32\shlwapi.dll
0x00007ffaa9130000 - 0x00007ffaa9151000 	C:\WINDOWS\SYSTEM32\profapi.dll
0x00007ffa987b0000 - 0x00007ffa987c9000 	C:\Users\Ramu\.vscode\extensions\redhat.java-1.33.0-win32-x64\jre\17.0.11-win32-x86_64\bin\net.dll
0x00007ffaa1260000 - 0x00007ffaa1396000 	C:\WINDOWS\SYSTEM32\WINHTTP.dll
0x00007ffaa8750000 - 0x00007ffaa87b9000 	C:\WINDOWS\system32\mswsock.dll
0x00007ffa98330000 - 0x00007ffa98346000 	C:\Users\Ramu\.vscode\extensions\redhat.java-1.33.0-win32-x64\jre\17.0.11-win32-x86_64\bin\nio.dll
0x00007ffa98860000 - 0x00007ffa98870000 	c:\Users\Ramu\.vscode\extensions\redhat.java-1.33.0-win32-x64\jre\17.0.11-win32-x86_64\bin\verify.dll
0x00007ffa5c990000 - 0x00007ffa5c9d5000 	C:\Users\Ramu\AppData\Roaming\Code\User\globalStorage\redhat.java\1.33.0\config_win\org.eclipse.equinox.launcher\org.eclipse.equinox.launcher.win32.win32.x86_64_1.2.1100.v20240722-2106\eclipse_11904.dll
0x00007ffaab710000 - 0x00007ffaab8b5000 	C:\WINDOWS\System32\ole32.dll
0x00007ffaa8980000 - 0x00007ffaa899b000 	C:\WINDOWS\SYSTEM32\CRYPTSP.dll
0x00007ffaa8240000 - 0x00007ffaa8275000 	C:\WINDOWS\system32\rsaenh.dll
0x00007ffaa8810000 - 0x00007ffaa8838000 	C:\WINDOWS\SYSTEM32\USERENV.dll
0x00007ffaa89a0000 - 0x00007ffaa89ac000 	C:\WINDOWS\SYSTEM32\CRYPTBASE.dll
0x00007ffaa7cd0000 - 0x00007ffaa7cfd000 	C:\WINDOWS\SYSTEM32\IPHLPAPI.DLL
0x00007ffaaad30000 - 0x00007ffaaad39000 	C:\WINDOWS\System32\NSI.dll
0x00007ffaa15e0000 - 0x00007ffaa15f9000 	C:\WINDOWS\SYSTEM32\dhcpcsvc6.DLL
0x00007ffaa15c0000 - 0x00007ffaa15df000 	C:\WINDOWS\SYSTEM32\dhcpcsvc.DLL
0x00007ffaa7d00000 - 0x00007ffaa7df8000 	C:\WINDOWS\SYSTEM32\DNSAPI.dll
0x00007ffa52120000 - 0x00007ffa52165000 	C:\Users\Ramu\AppData\Local\Temp\jna-2539575\jna5512546666640483218.dll
0x00007ffaaacc0000 - 0x00007ffaaacc8000 	C:\WINDOWS\System32\PSAPI.DLL

dbghelp: loaded successfully - version: 4.0.5 - missing functions: none
symbol engine: initialized successfully - sym options: 0x614 - pdb path: .;c:\Users\Ramu\.vscode\extensions\redhat.java-1.33.0-win32-x64\jre\17.0.11-win32-x86_64\bin;C:\WINDOWS\SYSTEM32;C:\WINDOWS\WinSxS\amd64_microsoft.windows.common-controls_6595b64144ccf1df_6.0.22621.3672_none_2713b9d173822955;c:\Users\Ramu\.vscode\extensions\redhat.java-1.33.0-win32-x64\jre\17.0.11-win32-x86_64\bin\server;C:\Users\Ramu\AppData\Roaming\Code\User\globalStorage\redhat.java\1.33.0\config_win\org.eclipse.equinox.launcher\org.eclipse.equinox.launcher.win32.win32.x86_64_1.2.1100.v20240722-2106;C:\Users\Ramu\AppData\Local\Temp\jna-2539575

VM Arguments:
jvm_args: --add-modules=ALL-SYSTEM --add-opens=java.base/java.util=ALL-UNNAMED --add-opens=java.base/java.lang=ALL-UNNAMED --add-opens=java.base/sun.nio.fs=ALL-UNNAMED -Declipse.application=org.eclipse.jdt.ls.core.id1 -Dosgi.bundles.defaultStartLevel=4 -Declipse.product=org.eclipse.jdt.ls.core.product -Djava.import.generatesMetadataFilesAtProjectRoot=false -DDetectVMInstallationsJob.disabled=true -Dfile.encoding=utf8 -XX:+UseParallelGC -XX:GCTimeRatio=4 -XX:AdaptiveSizePolicyWeight=90 -Dsun.zip.disableMemoryMapping=true -Xmx1G -Xms100m -Xlog:disable -javaagent:c:\Users\Ramu\.vscode\extensions\redhat.java-1.33.0-win32-x64\lombok\lombok-1.18.33.jar -XX:+HeapDumpOnOutOfMemoryError -XX:HeapDumpPath=c:\Users\Ramu\AppData\Roaming\Code\User\workspaceStorage\c29c7cd5e7cb7b7d92916469acd6b224\redhat.java -Daether.dependencyCollector.impl=bf 
java_command: c:\Users\Ramu\.vscode\extensions\redhat.java-1.33.0-win32-x64\server\plugins\org.eclipse.equinox.launcher_1.6.900.v20240613-2009.jar -configuration c:\Users\Ramu\AppData\Roaming\Code\User\globalStorage\redhat.java\1.33.0\config_win -data c:\Users\Ramu\AppData\Roaming\Code\User\workspaceStorage\c29c7cd5e7cb7b7d92916469acd6b224\redhat.java\jdt_ws --pipe=\\.\pipe\lsp-e00ae9f900d0197ad88a00622bfe69ae-sock
java_class_path (initial): c:\Users\Ramu\.vscode\extensions\redhat.java-1.33.0-win32-x64\server\plugins\org.eclipse.equinox.launcher_1.6.900.v20240613-2009.jar
Launcher Type: SUN_STANDARD

[Global flags]
    uintx AdaptiveSizePolicyWeight                 = 90                                        {product} {command line}
     intx CICompilerCount                          = 4                                         {product} {ergonomic}
    uintx GCTimeRatio                              = 4                                         {product} {command line}
     bool HeapDumpOnOutOfMemoryError               = true                                   {manageable} {command line}
    ccstr HeapDumpPath                             = c:\Users\Ramu\AppData\Roaming\Code\User\workspaceStorage\c29c7cd5e7cb7b7d92916469acd6b224\redhat.java         {manageable} {command line}
   size_t InitialHeapSize                          = 104857600                                 {product} {command line}
   size_t MaxHeapSize                              = 1073741824                                {product} {command line}
   size_t MaxNewSize                               = 357564416                                 {product} {ergonomic}
   size_t MinHeapDeltaBytes                        = 524288                                    {product} {ergonomic}
   size_t MinHeapSize                              = 104857600                                 {product} {command line}
   size_t NewSize                                  = 34603008                                  {product} {ergonomic}
    uintx NonNMethodCodeHeapSize                   = 5839372                                {pd product} {ergonomic}
    uintx NonProfiledCodeHeapSize                  = 122909434                              {pd product} {ergonomic}
   size_t OldSize                                  = 70254592                                  {product} {ergonomic}
    uintx ProfiledCodeHeapSize                     = 122909434                              {pd product} {ergonomic}
    uintx ReservedCodeCacheSize                    = 251658240                              {pd product} {ergonomic}
     bool SegmentedCodeCache                       = true                                      {product} {ergonomic}
   size_t SoftMaxHeapSize                          = 1073741824                             {manageable} {ergonomic}
     bool UseCompressedClassPointers               = true                           {product lp64_product} {ergonomic}
     bool UseCompressedOops                        = true                           {product lp64_product} {ergonomic}
     bool UseLargePagesIndividualAllocation        = false                                  {pd product} {ergonomic}
     bool UseParallelGC                            = true                                      {product} {command line}

Logging:
Log output configuration:
 #0: stdout all=off uptime,level,tags
 #1: stderr all=off uptime,level,tags

Environment Variables:
JAVA_HOME=C:\Program Files\Java\jdk-17
PATH=C:\Users\Ramu\AppData\Local\Programs\Python\Python311;C:\Program Files\Common Files\Oracle\Java\javapath;C:\Program Files (x86)\Common Files\Oracle\Java\javapath;C:\Windows\system32;C:\Windows;C:\Windows\System32\Wbem;C:\Windows\System32\WindowsPowerShell\v1.0\;C:\Windows\System32\OpenSSH\;C:\WINDOWS\system32;C:\WINDOWS;C:\WINDOWS\System32\Wbem;C:\WINDOWS\System32\WindowsPowerShell\v1.0\;C:\WINDOWS\System32\OpenSSH\;C:\Program Files\MySQL\MySQL Server 5.5\bin;C:\Program Files (x86)\NVIDIA Corporation\PhysX\Common;C:\Program Files\dotnet\;C:\WINDOWS\system32;C:\WINDOWS;C:\WINDOWS\System32\Wbem;C:\WINDOWS\System32\WindowsPowerShell\v1.0\;C:\WINDOWS\System32\OpenSSH\;C:\Users\Ramu\AppData\Local\Programs\Python\Python311\Scripts;C:\Program Files\nodejs\;C:\flutter_windows_3.19.1-stable\flutter\bin;C:\Users\Ramu\AppData\Local\Programs\Python\Python311;C:\Program Files\Common Files\Oracle\Java\javapath;C:\Program Files (x86)\Common Files\Oracle\Java\javapath;C:\Windows\system32;C:\Windows;C:\Windows\System32\Wbem;C:\Windows\System32\WindowsPowerShell\v1.0\;C:\Windows\System32\OpenSSH\;C:\WINDOWS\system32;C:\WINDOWS;C:\WINDOWS\System32\Wbem;C:\WINDOWS\System32\WindowsPowerShell\v1.0\;C:\WINDOWS\System32\OpenSSH\;C:\Program Files\MySQL\MySQL Server 5.5\bin;C:\Program Files (x86)\NVIDIA Corporation\PhysX\Common;C:\Program Files\dotnet\;C:\WINDOWS\system32;C:\WINDOWS;C:\WINDOWS\System32\Wbem;C:\WINDOWS\System32\WindowsPowerShell\v1.0\;C:\WINDOWS\System32\OpenSSH\;C:\Users\Ramu\AppData\Local\Microsoft\WindowsApps;C:\Users\Ramu\AppData\Local\Programs\Microsoft VS Code\bin;C:\Program Files\nodejs\node_modules\npm\bin;C:\Users\Ramu\AppData\Local\Programs\Python\Python311\Scripts;C:\Users\Ramu\AppData\Local\GitHubDesktop\bin;C:\Users\Ramu\AppData\Roaming\npm;C:\Program Files\Java\jdk-17\bin;
USERNAME=Ramu
OS=Windows_NT
PROCESSOR_IDENTIFIER=Intel64 Family 6 Model 126 Stepping 5, GenuineIntel
TMP=C:\Users\Ramu\AppData\Local\Temp
TEMP=C:\Users\Ramu\AppData\Local\Temp



Periodic native trim disabled


---------------  S Y S T E M  ---------------

OS:
 Windows 11 , 64 bit Build 22621 (10.0.22621.3672)
OS uptime: 9 days 2:06 hours
Hyper-V role detected

CPU: total 8 (initial active 8) (4 cores per cpu, 2 threads per core) family 6 model 126 stepping 5 microcode 0xc2, cx8, cmov, fxsr, ht, mmx, 3dnowpref, sse, sse2, sse3, ssse3, sse4.1, sse4.2, popcnt, lzcnt, tsc, tscinvbit, avx, avx2, aes, erms, clmul, bmi1, bmi2, adx, avx512f, avx512dq, avx512cd, avx512bw, avx512vl, sha, fma, vzeroupper, avx512_vpopcntdq, avx512_vpclmulqdq, avx512_vaes, avx512_vnni, clflush, clflushopt, avx512_vbmi2, avx512_vbmi, hv
Processor Information for all 8 processors :
  Max Mhz: 1190, Current Mhz: 991, Mhz Limit: 987

Memory: 4k page, system-wide physical 7959M (234M free)
TotalPageFile size 16123M (AvailPageFile size 2M)
current process WorkingSet (physical memory assigned to process): 239M, peak: 239M
current process commit charge ("private bytes"): 315M, peak: 321M

vm_info: OpenJDK 64-Bit Server VM (17.0.11+9) for windows-amd64 JRE (17.0.11+9), built on Apr 17 2024 06:07:48 by "admin" with MS VC++ 16.10 / 16.11 (VS2019)

END.
