2024-08-06 09:17:09,654 INFO o.s.b.StartupInfoLogger [restartedMain] Starting QuizspringApplication using Java 17.0.10 with PID 3656 (C:\Users\Varun\OneDrive\Desktop\Spring-Security-Template-V4-main\Spring-Security-Template-V4-main\Spring-Security-Template-V4-main\target\classes started by Varun in C:\Users\Varun\OneDrive\Desktop\Spring-Security-Template-V4-main\Spring-Security-Template-V4-main\Spring-Security-Template-V4-main)
2024-08-06 09:17:09,661 INFO o.s.b.SpringApplication [restartedMain] No active profile set, falling back to 1 default profile: "default"
2024-08-06 09:17:09,738 INFO o.s.b.l.DeferredLog [restartedMain] Devtools property defaults active! Set 'spring.devtools.add-properties' to 'false' to disable
2024-08-06 09:17:09,739 INFO o.s.b.l.DeferredLog [restartedMain] For additional web related logging consider setting the 'logging.level.web' property to 'DEBUG'
2024-08-06 09:17:11,290 INFO o.s.d.r.c.RepositoryConfigurationDelegate [restartedMain] Bootstrapping Spring Data JPA repositories in DEFAULT mode.
2024-08-06 09:17:11,428 INFO o.s.d.r.c.RepositoryConfigurationDelegate [restartedMain] Finished Spring Data repository scanning in 122 ms. Found 4 JPA repository interfaces.
2024-08-06 09:17:12,548 INFO o.s.b.w.e.t.TomcatWebServer [restartedMain] Tomcat initialized with port 7777 (http)
2024-08-06 09:17:12,563 INFO o.a.j.l.DirectJDKLog [restartedMain] Initializing ProtocolHandler ["http-nio-7777"]
2024-08-06 09:17:12,569 INFO o.a.j.l.DirectJDKLog [restartedMain] Starting service [Tomcat]
2024-08-06 09:17:12,570 INFO o.a.j.l.DirectJDKLog [restartedMain] Starting Servlet engine: [Apache Tomcat/10.1.26]
2024-08-06 09:17:12,655 INFO o.a.j.l.DirectJDKLog [restartedMain] Initializing Spring embedded WebApplicationContext
2024-08-06 09:17:12,657 INFO o.s.b.w.s.c.ServletWebServerApplicationContext [restartedMain] Root WebApplicationContext: initialization completed in 2915 ms
2024-08-06 09:17:12,888 INFO o.h.j.i.u.LogHelper [restartedMain] HHH000204: Processing PersistenceUnitInfo [name: default]
2024-08-06 09:17:12,989 INFO o.h.Version [restartedMain] HHH000412: Hibernate ORM core version 6.5.2.Final
2024-08-06 09:17:13,045 INFO o.h.c.i.RegionFactoryInitiator [restartedMain] HHH000026: Second-level cache disabled
2024-08-06 09:17:13,602 INFO o.s.o.j.p.SpringPersistenceUnitInfo [restartedMain] No LoadTimeWeaver setup: ignoring JPA class transformer
2024-08-06 09:17:13,655 INFO c.z.h.HikariDataSource [restartedMain] HikariPool-1 - Starting...
2024-08-06 09:17:14,350 INFO c.z.h.p.HikariPool [restartedMain] HikariPool-1 - Added connection com.mysql.cj.jdbc.ConnectionImpl@48bfa201
2024-08-06 09:17:14,354 INFO c.z.h.HikariDataSource [restartedMain] HikariPool-1 - Start completed.
2024-08-06 09:17:14,438 WARN o.h.e.j.d.i.DialectFactoryImpl [restartedMain] HHH90000025: MySQLDialect does not need to be specified explicitly using 'hibernate.dialect' (remove the property setting and it will be selected by default)
2024-08-06 09:17:15,994 INFO o.h.e.t.j.p.i.JtaPlatformInitiator [restartedMain] HHH000489: No JTA platform available (set 'hibernate.transaction.jta.platform' to enable JTA platform integration)
2024-08-06 09:17:16,143 INFO o.s.o.j.AbstractEntityManagerFactoryBean [restartedMain] Initialized JPA EntityManagerFactory for persistence unit 'default'
2024-08-06 09:17:18,437 INFO o.s.s.c.a.a.c.InitializeUserDetailsBeanManagerConfigurer$InitializeUserDetailsManagerConfigurer [restartedMain] Global AuthenticationManager configured with UserDetailsService bean with name userDetailsService
2024-08-06 09:17:19,594 WARN o.s.b.a.o.j.JpaBaseConfiguration$JpaWebConfiguration [restartedMain] spring.jpa.open-in-view is enabled by default. Therefore, database queries may be performed during view rendering. Explicitly configure spring.jpa.open-in-view to disable this warning
2024-08-06 09:17:21,938 DEBUG o.s.s.w.DefaultSecurityFilterChain [restartedMain] Will secure any request with filters: DisableEncodeUrlFilter, WebAsyncManagerIntegrationFilter, SecurityContextHolderFilter, HeaderWriterFilter, CorsFilter, LogoutFilter, JwtAuthenticationFilter, RequestCacheAwareFilter, SecurityContextHolderAwareRequestFilter, AnonymousAuthenticationFilter, SessionManagementFilter, ExceptionTranslationFilter, AuthorizationFilter
2024-08-06 09:17:22,835 INFO o.s.b.d.a.OptionalLiveReloadServer [restartedMain] LiveReload server is running on port 35729
2024-08-06 09:17:22,917 INFO o.a.j.l.DirectJDKLog [restartedMain] Starting ProtocolHandler ["http-nio-7777"]
2024-08-06 09:17:22,995 INFO o.s.b.w.e.t.TomcatWebServer [restartedMain] Tomcat started on port 7777 (http) with context path '/'
2024-08-06 09:17:23,046 INFO o.s.b.StartupInfoLogger [restartedMain] Started QuizspringApplication in 14.118 seconds (process running for 15.266)
2024-08-06 09:17:53,597 INFO o.a.j.l.DirectJDKLog [http-nio-7777-exec-1] Initializing Spring DispatcherServlet 'dispatcherServlet'
2024-08-06 09:17:53,599 INFO o.s.w.s.FrameworkServlet [http-nio-7777-exec-1] Initializing Servlet 'dispatcherServlet'
2024-08-06 09:17:53,602 INFO o.s.w.s.FrameworkServlet [http-nio-7777-exec-1] Completed initialization in 1 ms
2024-08-06 09:17:53,668 DEBUG o.s.s.w.FilterChainProxy [http-nio-7777-exec-1] Securing GET /swagger-ui/index.html
2024-08-06 09:17:53,697 DEBUG o.s.s.w.a.AnonymousAuthenticationFilter [http-nio-7777-exec-1] Set SecurityContextHolder to anonymous SecurityContext
2024-08-06 09:17:53,705 DEBUG o.s.s.w.FilterChainProxy [http-nio-7777-exec-1] Secured GET /swagger-ui/index.html
2024-08-06 09:17:53,840 DEBUG o.s.s.w.FilterChainProxy [http-nio-7777-exec-4] Securing GET /swagger-ui/swagger-ui.css
2024-08-06 09:17:53,844 DEBUG o.s.s.w.a.AnonymousAuthenticationFilter [http-nio-7777-exec-4] Set SecurityContextHolder to anonymous SecurityContext
2024-08-06 09:17:53,846 DEBUG o.s.s.w.FilterChainProxy [http-nio-7777-exec-4] Secured GET /swagger-ui/swagger-ui.css
2024-08-06 09:17:53,850 DEBUG o.s.s.w.FilterChainProxy [http-nio-7777-exec-2] Securing GET /swagger-ui/index.css
2024-08-06 09:17:53,853 DEBUG o.s.s.w.FilterChainProxy [http-nio-7777-exec-3] Securing GET /swagger-ui/swagger-ui-bundle.js
2024-08-06 09:17:53,856 DEBUG o.s.s.w.FilterChainProxy [http-nio-7777-exec-5] Securing GET /swagger-ui/swagger-initializer.js
2024-08-06 09:17:53,864 DEBUG o.s.s.w.FilterChainProxy [http-nio-7777-exec-6] Securing GET /swagger-ui/swagger-ui-standalone-preset.js
2024-08-06 09:17:53,864 DEBUG o.s.s.w.a.AnonymousAuthenticationFilter [http-nio-7777-exec-3] Set SecurityContextHolder to anonymous SecurityContext
2024-08-06 09:17:53,864 DEBUG o.s.s.w.a.AnonymousAuthenticationFilter [http-nio-7777-exec-2] Set SecurityContextHolder to anonymous SecurityContext
2024-08-06 09:17:53,867 DEBUG o.s.s.w.a.AnonymousAuthenticationFilter [http-nio-7777-exec-6] Set SecurityContextHolder to anonymous SecurityContext
2024-08-06 09:17:53,870 DEBUG o.s.s.w.a.AnonymousAuthenticationFilter [http-nio-7777-exec-5] Set SecurityContextHolder to anonymous SecurityContext
2024-08-06 09:17:53,870 DEBUG o.s.s.w.FilterChainProxy [http-nio-7777-exec-3] Secured GET /swagger-ui/swagger-ui-bundle.js
2024-08-06 09:17:53,871 DEBUG o.s.s.w.FilterChainProxy [http-nio-7777-exec-6] Secured GET /swagger-ui/swagger-ui-standalone-preset.js
2024-08-06 09:17:53,871 DEBUG o.s.s.w.FilterChainProxy [http-nio-7777-exec-2] Secured GET /swagger-ui/index.css
2024-08-06 09:17:53,874 DEBUG o.s.s.w.FilterChainProxy [http-nio-7777-exec-5] Secured GET /swagger-ui/swagger-initializer.js
2024-08-06 09:17:54,215 DEBUG o.s.s.w.FilterChainProxy [http-nio-7777-exec-8] Securing GET /v3/api-docs/swagger-config
2024-08-06 09:17:54,216 DEBUG o.s.s.w.a.AnonymousAuthenticationFilter [http-nio-7777-exec-8] Set SecurityContextHolder to anonymous SecurityContext
2024-08-06 09:17:54,218 DEBUG o.s.s.w.FilterChainProxy [http-nio-7777-exec-10] Securing GET /swagger-ui/favicon-32x32.png
2024-08-06 09:17:54,218 DEBUG o.s.s.w.FilterChainProxy [http-nio-7777-exec-8] Secured GET /v3/api-docs/swagger-config
2024-08-06 09:17:54,219 DEBUG o.s.s.w.a.AnonymousAuthenticationFilter [http-nio-7777-exec-10] Set SecurityContextHolder to anonymous SecurityContext
2024-08-06 09:17:54,221 DEBUG o.s.s.w.FilterChainProxy [http-nio-7777-exec-10] Secured GET /swagger-ui/favicon-32x32.png
2024-08-06 09:17:54,316 DEBUG o.s.s.w.FilterChainProxy [http-nio-7777-exec-7] Securing GET /v3/api-docs
2024-08-06 09:17:54,317 DEBUG o.s.s.w.a.AnonymousAuthenticationFilter [http-nio-7777-exec-7] Set SecurityContextHolder to anonymous SecurityContext
2024-08-06 09:17:54,319 DEBUG o.s.s.w.FilterChainProxy [http-nio-7777-exec-7] Secured GET /v3/api-docs
2024-08-06 09:17:55,783 INFO o.s.a.AbstractOpenApiResource [http-nio-7777-exec-7] Init duration for springdoc-openapi is: 1434 ms
2024-08-06 09:18:42,455 DEBUG o.s.s.w.FilterChainProxy [http-nio-7777-exec-9] Securing POST /api/auth/register
2024-08-06 09:18:42,457 DEBUG o.s.s.w.a.AnonymousAuthenticationFilter [http-nio-7777-exec-9] Set SecurityContextHolder to anonymous SecurityContext
2024-08-06 09:18:42,458 DEBUG o.s.s.w.FilterChainProxy [http-nio-7777-exec-9] Secured POST /api/auth/register
2024-08-06 09:18:59,581 DEBUG o.s.s.w.FilterChainProxy [http-nio-7777-exec-3] Securing POST /api/auth/login
2024-08-06 09:18:59,582 DEBUG o.s.s.w.a.AnonymousAuthenticationFilter [http-nio-7777-exec-3] Set SecurityContextHolder to anonymous SecurityContext
2024-08-06 09:18:59,588 DEBUG o.s.s.w.FilterChainProxy [http-nio-7777-exec-3] Secured POST /api/auth/login
2024-08-06 09:18:59,816 DEBUG o.s.s.a.d.AbstractUserDetailsAuthenticationProvider [http-nio-7777-exec-3] Authenticated user
